                      :-) GROMACS - gmx mdrun, 2020.6 (-:

                            GROMACS is written by:
     Emile Apol      Rossen Apostolov      Paul Bauer     Herman J.C. Berendsen
    Par Bjelkmar      Christian Blau   Viacheslav Bolnykh     Kevin Boyd    
 Aldert van Buuren   Rudi van Drunen     Anton Feenstra       Alan Gray     
  Gerrit Groenhof     Anca Hamuraru    Vincent Hindriksen  M. Eric Irrgang  
  Aleksei Iupinov   Christoph Junghans     Joe Jordan     Dimitrios Karkoulis
    Peter Kasson        Jiri Kraus      Carsten Kutzner      Per Larsson    
  Justin A. Lemkul    Viveca Lindahl    Magnus Lundborg     Erik Marklund   
    Pascal Merz     Pieter Meulenhoff    Teemu Murtola       Szilard Pall   
    Sander Pronk      Roland Schulz      Michael Shirts    Alexey Shvetsov  
   Alfons Sijbers     Peter Tieleman      Jon Vincent      Teemu Virolainen 
 Christian Wennberg    Maarten Wolf      Artem Zhmurov   
                           and the project leaders:
        Mark Abraham, Berk Hess, Erik Lindahl, and David van der Spoel

Copyright (c) 1991-2000, University of Groningen, The Netherlands.
Copyright (c) 2001-2019, The GROMACS development team at
Uppsala University, Stockholm University and
the Royal Institute of Technology, Sweden.
check out http://www.gromacs.org for more information.

GROMACS is free software; you can redistribute it and/or modify it
under the terms of the GNU Lesser General Public License
as published by the Free Software Foundation; either version 2.1
of the License, or (at your option) any later version.

GROMACS:      gmx mdrun, version 2020.6
Executable:   /gromacs/bin.AVX_512/gmx
Data prefix:  /gromacs
Working dir:  /work/Bio_sim/THESIS
Process ID:   323
Command line:
  gmx mdrun

GROMACS version:    2020.6
Verified release checksum is 2f568d8884e039acbc6b68722432516e0628be00c847969b7c905c8b53ef826f
Precision:          single
Memory model:       64 bit
MPI library:        thread_mpi
OpenMP support:     enabled (GMX_OPENMP_MAX_THREADS = 64)
GPU support:        disabled
SIMD instructions:  AVX_512
FFT library:        fftw-3.3.8-sse2-avx-avx2-avx2_128-avx512
RDTSCP usage:       enabled
TNG support:        enabled
Hwloc support:      disabled
Tracing support:    disabled
C compiler:         /usr/bin/gcc GNU 7.5.0
C compiler flags:   -mavx512f -mfma -fexcess-precision=fast -funroll-all-loops -O3 -DNDEBUG
C++ compiler:       /usr/bin/g++ GNU 7.5.0
C++ compiler flags: -mavx512f -mfma -fexcess-precision=fast -funroll-all-loops -fopenmp -O3 -DNDEBUG


Running on 1 node with total 32 cores, 64 logical cores
Hardware detected:
  CPU info:
    Vendor: Intel
    Brand:  Intel(R) Xeon(R) Gold 6130 CPU @ 2.10GHz
    Family: 6   Model: 85   Stepping: 4
    Features: aes apic avx avx2 avx512f avx512cd avx512bw avx512vl clfsh cmov cx8 cx16 f16c fma hle htt intel lahf mmx msr nonstop_tsc pcid pclmuldq pdcm pdpe1gb popcnt pse rdrnd rdtscp rtm sse2 sse3 sse4.1 sse4.2 ssse3 tdt x2apic
    Number of AVX-512 FMA units: 2
  Hardware topology: Basic
    Sockets, cores, and logical processors:
      Socket  0: [   0  32] [   4  36] [   8  40] [  12  44] [  14  46] [  10  42] [   6  38] [   2  34] [  16  48] [  20  52] [  24  56] [  28  60] [  30  62] [  26  58] [  22  54] [  18  50]
      Socket  1: [   1  33] [   5  37] [   9  41] [  13  45] [  15  47] [  11  43] [   7  39] [   3  35] [  17  49] [  21  53] [  25  57] [  29  61] [  31  63] [  27  59] [  23  55] [  19  51]


++++ PLEASE READ AND CITE THE FOLLOWING REFERENCE ++++
M. J. Abraham, T. Murtola, R. Schulz, S. Páll, J. C. Smith, B. Hess, E.
Lindahl
GROMACS: High performance molecular simulations through multi-level
parallelism from laptops to supercomputers
SoftwareX 1 (2015) pp. 19-25
-------- -------- --- Thank You --- -------- --------


++++ PLEASE READ AND CITE THE FOLLOWING REFERENCE ++++
S. Páll, M. J. Abraham, C. Kutzner, B. Hess, E. Lindahl
Tackling Exascale Software Challenges in Molecular Dynamics Simulations with
GROMACS
In S. Markidis & E. Laure (Eds.), Solving Software Challenges for Exascale 8759 (2015) pp. 3-27
-------- -------- --- Thank You --- -------- --------


++++ PLEASE READ AND CITE THE FOLLOWING REFERENCE ++++
S. Pronk, S. Páll, R. Schulz, P. Larsson, P. Bjelkmar, R. Apostolov, M. R.
Shirts, J. C. Smith, P. M. Kasson, D. van der Spoel, B. Hess, and E. Lindahl
GROMACS 4.5: a high-throughput and highly parallel open source molecular
simulation toolkit
Bioinformatics 29 (2013) pp. 845-54
-------- -------- --- Thank You --- -------- --------


++++ PLEASE READ AND CITE THE FOLLOWING REFERENCE ++++
B. Hess and C. Kutzner and D. van der Spoel and E. Lindahl
GROMACS 4: Algorithms for highly efficient, load-balanced, and scalable
molecular simulation
J. Chem. Theory Comput. 4 (2008) pp. 435-447
-------- -------- --- Thank You --- -------- --------


++++ PLEASE READ AND CITE THE FOLLOWING REFERENCE ++++
D. van der Spoel, E. Lindahl, B. Hess, G. Groenhof, A. E. Mark and H. J. C.
Berendsen
GROMACS: Fast, Flexible and Free
J. Comp. Chem. 26 (2005) pp. 1701-1719
-------- -------- --- Thank You --- -------- --------


++++ PLEASE READ AND CITE THE FOLLOWING REFERENCE ++++
E. Lindahl and B. Hess and D. van der Spoel
GROMACS 3.0: A package for molecular simulation and trajectory analysis
J. Mol. Mod. 7 (2001) pp. 306-317
-------- -------- --- Thank You --- -------- --------


++++ PLEASE READ AND CITE THE FOLLOWING REFERENCE ++++
H. J. C. Berendsen, D. van der Spoel and R. van Drunen
GROMACS: A message-passing parallel molecular dynamics implementation
Comp. Phys. Comm. 91 (1995) pp. 43-56
-------- -------- --- Thank You --- -------- --------


++++ PLEASE CITE THE DOI FOR THIS VERSION OF GROMACS ++++
https://doi.org/10.5281/zenodo.4576055
-------- -------- --- Thank You --- -------- --------

Input Parameters:
   integrator                     = md
   tinit                          = 0
   dt                             = 0.001
   nsteps                         = 100000
   init-step                      = 0
   simulation-part                = 1
   comm-mode                      = Linear
   nstcomm                        = 100
   bd-fric                        = 0
   ld-seed                        = -286859393
   emtol                          = 10
   emstep                         = 0.01
   niter                          = 20
   fcstep                         = 0
   nstcgsteep                     = 1000
   nbfgscorr                      = 10
   rtpi                           = 0.05
   nstxout                        = 0
   nstvout                        = 0
   nstfout                        = 0
   nstlog                         = 5000
   nstcalcenergy                  = 10
   nstenergy                      = 5000
   nstxout-compressed             = 5000
   compressed-x-precision         = 1000
   cutoff-scheme                  = Verlet
   nstlist                        = 10
   pbc                            = xyz
   periodic-molecules             = false
   verlet-buffer-tolerance        = -1
   rlist                          = 1.1
   coulombtype                    = PME
   coulomb-modifier               = Potential-shift
   rcoulomb-switch                = 0
   rcoulomb                       = 1
   epsilon-r                      = 1
   epsilon-rf                     = inf
   vdw-type                       = Cut-off
   vdw-modifier                   = Potential-shift
   rvdw-switch                    = 0
   rvdw                           = 1
   DispCorr                       = EnerPres
   table-extension                = 1
   fourierspacing                 = 0.12
   fourier-nx                     = 42
   fourier-ny                     = 42
   fourier-nz                     = 42
   pme-order                      = 4
   ewald-rtol                     = 1e-05
   ewald-rtol-lj                  = 0.001
   lj-pme-comb-rule               = Geometric
   ewald-geometry                 = 0
   epsilon-surface                = 0
   tcoupl                         = No
   nsttcouple                     = -1
   nh-chain-length                = 0
   print-nose-hoover-chain-variables = false
   pcoupl                         = Parrinello-Rahman
   pcoupltype                     = Isotropic
   nstpcouple                     = 10
   tau-p                          = 2
   compressibility (3x3):
      compressibility[    0]={ 4.50000e-05,  0.00000e+00,  0.00000e+00}
      compressibility[    1]={ 0.00000e+00,  4.50000e-05,  0.00000e+00}
      compressibility[    2]={ 0.00000e+00,  0.00000e+00,  4.50000e-05}
   ref-p (3x3):
      ref-p[    0]={ 1.00000e+00,  0.00000e+00,  0.00000e+00}
      ref-p[    1]={ 0.00000e+00,  1.00000e+00,  0.00000e+00}
      ref-p[    2]={ 0.00000e+00,  0.00000e+00,  1.00000e+00}
   refcoord-scaling               = No
   posres-com (3):
      posres-com[0]= 0.00000e+00
      posres-com[1]= 0.00000e+00
      posres-com[2]= 0.00000e+00
   posres-comB (3):
      posres-comB[0]= 0.00000e+00
      posres-comB[1]= 0.00000e+00
      posres-comB[2]= 0.00000e+00
   QMMM                           = false
   QMconstraints                  = 0
   QMMMscheme                     = 0
   MMChargeScaleFactor            = 1
qm-opts:
   ngQM                           = 0
   constraint-algorithm           = Lincs
   continuation                   = false
   Shake-SOR                      = false
   shake-tol                      = 0.0001
   lincs-order                    = 4
   lincs-iter                     = 1
   lincs-warnangle                = 30
   nwall                          = 0
   wall-type                      = 9-3
   wall-r-linpot                  = -1
   wall-atomtype[0]               = -1
   wall-atomtype[1]               = -1
   wall-density[0]                = 0
   wall-density[1]                = 0
   wall-ewald-zfac                = 3
   pull                           = false
   awh                            = false
   rotation                       = false
   interactiveMD                  = false
   disre                          = No
   disre-weighting                = Conservative
   disre-mixed                    = false
   dr-fc                          = 1000
   dr-tau                         = 0
   nstdisreout                    = 100
   orire-fc                       = 0
   orire-tau                      = 0
   nstorireout                    = 100
   free-energy                    = no
   cos-acceleration               = 0
   deform (3x3):
      deform[    0]={ 0.00000e+00,  0.00000e+00,  0.00000e+00}
      deform[    1]={ 0.00000e+00,  0.00000e+00,  0.00000e+00}
      deform[    2]={ 0.00000e+00,  0.00000e+00,  0.00000e+00}
   simulated-tempering            = false
   swapcoords                     = no
   userint1                       = 0
   userint2                       = 0
   userint3                       = 0
   userint4                       = 0
   userreal1                      = 0
   userreal2                      = 0
   userreal3                      = 0
   userreal4                      = 0
   applied-forces:
     electric-field:
       x:
         E0                       = 0
         omega                    = 0
         t0                       = 0
         sigma                    = 0
       y:
         E0                       = 0
         omega                    = 0
         t0                       = 0
         sigma                    = 0
       z:
         E0                       = 0
         omega                    = 0
         t0                       = 0
         sigma                    = 0
     density-guided-simulation:
       active                     = false
       group                      = protein
       similarity-measure         = inner-product
       atom-spreading-weight      = unity
       force-constant             = 1e+09
       gaussian-transform-spreading-width = 0.2
       gaussian-transform-spreading-range-in-multiples-of-width = 4
       reference-density-filename = reference.mrc
       nst                        = 1
       normalize-densities        = true
       adaptive-force-scaling     = false
       adaptive-force-scaling-time-constant = 4
grpopts:
   nrdf:        2064
   ref-t:           0
   tau-t:           0
annealing:          No
annealing-npoints:           0
   acc:	           0           0           0
   nfreeze:           N           N           N
   energygrp-flags[  0]: 0

Can not increase nstlist because an NVE ensemble is used

Initializing Domain Decomposition on 10 ranks
Dynamic load balancing: auto
Using update groups, nr 434, average size 2.2 atoms, max. radius 0.078 nm
Minimum cell size due to atom displacement: 0.100 nm
Initial maximum distances in bonded interactions:
    two-body bonded interactions: 0.419 nm, LJ-14, atoms 92 99
  multi-body bonded interactions: 0.471 nm, CMAP Dih., atoms 18 34
Minimum cell size due to bonded interactions: 0.518 nm
Scaling the initial minimum size with 1/0.8 (option -dds) = 1.25
Using 0 separate PME ranks, as there are too few total
 ranks for efficient splitting
Optimizing the DD grid for 10 cells with a minimum initial size of 0.647 nm
The maximum allowed number of cells is: X 7 Y 7 Z 7
Domain decomposition grid 5 x 2 x 1, separate PME ranks 0
PME domain decomposition: 5 x 2 x 1
Domain decomposition rank 0, coordinates 0 0 0

The initial number of communication pulses is: X 2 Y 1
The initial domain decomposition cell size is: X 1.00 nm Y 2.50 nm

The maximum allowed distance for atom groups involved in interactions is:
                 non-bonded interactions           1.256 nm
(the following are initial values, they could change due to box deformation)
            two-body bonded interactions  (-rdd)   1.256 nm
          multi-body bonded interactions  (-rdd)   1.000 nm

When dynamic load balancing gets turned on, these settings will change to:
The maximum number of communication pulses is: X 2 Y 1
The minimum size for domain decomposition cells is 0.759 nm
The requested allowed shrink of DD cells (option -dds) is: 0.80
The allowed shrink of domain decomposition cells is: X 0.76 Y 0.50
The maximum allowed distance for atom groups involved in interactions is:
                 non-bonded interactions           1.256 nm
            two-body bonded interactions  (-rdd)   1.256 nm
          multi-body bonded interactions  (-rdd)   0.759 nm

Using 10 MPI threads
Using 6 OpenMP threads per tMPI thread

Pinning threads with an auto-selected logical core stride of 1
System total charge: -1.000
Will do PME sum in reciprocal space for electrostatic interactions.

++++ PLEASE READ AND CITE THE FOLLOWING REFERENCE ++++
U. Essmann, L. Perera, M. L. Berkowitz, T. Darden, H. Lee and L. G. Pedersen 
A smooth particle mesh Ewald method
J. Chem. Phys. 103 (1995) pp. 8577-8592
-------- -------- --- Thank You --- -------- --------

Using a Gaussian width (1/beta) of 0.320163 nm for Ewald
Potential shift: LJ r^-12: -1.000e+00 r^-6: -1.000e+00, Ewald -1.000e-05
Initialized non-bonded Ewald tables, spacing: 9.33e-04 size: 1073

Generated table with 1050 data points for 1-4 COUL.
Tabscale = 500 points/nm
Generated table with 1050 data points for 1-4 LJ6.
Tabscale = 500 points/nm
Generated table with 1050 data points for 1-4 LJ12.
Tabscale = 500 points/nm

Using SIMD 4x8 nonbonded short-range kernels

Using a 4x8 pair-list setup:
  updated every 10 steps, buffer 0.100 nm, rlist 1.100 nm

Using Lorentz-Berthelot Lennard-Jones combination rule

Long Range LJ corr.: <C6> 3.6672e-04

Removing pbc first time

++++ PLEASE READ AND CITE THE FOLLOWING REFERENCE ++++
S. Miyamoto and P. A. Kollman
SETTLE: An Analytical Version of the SHAKE and RATTLE Algorithms for Rigid
Water Models
J. Comp. Chem. 13 (1992) pp. 952-962
-------- -------- --- Thank You --- -------- --------


Linking all bonded interactions to atoms

Intra-simulation communication will occur every 10 steps.
There are: 944 Atoms
Atom distribution over 10 domains: av 94 stddev 35 min 63 max 177

Constraining the starting coordinates (step 0)

Constraining the coordinates at t0-dt (step 0)
Center of mass motion removal mode is Linear
We have the following groups for center of mass motion removal:
  0:  rest
RMS relative constraint deviation after constraining: 0.00e+00
Initial temperature: 3.08527e-07 K

Started mdrun on rank 0 Wed Mar  2 10:00:46 2022

           Step           Time
              0        0.00000

   Energies (kJ/mol)
           Bond            U-B    Proper Dih.  Improper Dih.      CMAP Dih.
    1.16621e+03    2.21725e+03    1.53237e+02    4.79668e+02   -2.71412e+01
          LJ-14     Coulomb-14        LJ (SR)  Disper. corr.   Coulomb (SR)
    1.89161e+02    8.71409e+02    9.28625e+02   -1.07779e+01   -4.68619e+03
   Coul. recip.      Potential    Kinetic En.   Total Energy  Conserved En.
    1.79001e+03    3.07146e+03    2.60591e+02    3.33205e+03    3.33958e+03
    Temperature Pres. DC (bar) Pressure (bar)
    3.03700e+01   -1.45477e+00    1.90296e+03


DD  step 9 load imb.: force 13.2%

step 1000 Turning on dynamic load balancing, because the performance loss due to load imbalance is 2.1 %.
step 1200 Turning off dynamic load balancing, because it is degrading performance.
Atom distribution over 10 domains: av 94 stddev 38 min 51 max 183

DD  step 4999 load imb.: force 15.5%
           Step           Time
           5000        5.00000

   Energies (kJ/mol)
           Bond            U-B    Proper Dih.  Improper Dih.      CMAP Dih.
    6.70777e+02    1.23979e+03    3.96352e+02    6.70385e+01   -4.28148e+01
          LJ-14     Coulomb-14        LJ (SR)  Disper. corr.   Coulomb (SR)
    1.72972e+02    9.08383e+02    1.76887e+02   -8.57865e+00   -6.84074e+03
   Coul. recip.      Potential    Kinetic En.   Total Energy  Conserved En.
    8.97623e+02   -2.36230e+03    5.47042e+03    3.10812e+03    3.20058e+03
    Temperature Pres. DC (bar) Pressure (bar)
    6.37539e+02   -9.29126e-01    4.96280e+01


DD  step 9999 load imb.: force 23.1%
           Step           Time
          10000       10.00000

   Energies (kJ/mol)
           Bond            U-B    Proper Dih.  Improper Dih.      CMAP Dih.
    7.99387e+02    1.11280e+03    4.24982e+02    8.55291e+01   -5.69672e+01
          LJ-14     Coulomb-14        LJ (SR)  Disper. corr.   Coulomb (SR)
    1.73092e+02    8.44148e+02    2.08870e+02   -4.46255e+00   -6.64073e+03
   Coul. recip.      Potential    Kinetic En.   Total Energy  Conserved En.
    9.69262e+02   -2.08409e+03    4.93248e+03    2.84838e+03    3.33604e+03
    Temperature Pres. DC (bar) Pressure (bar)
    5.74845e+02   -2.60678e-01    1.13499e+02


DD  step 14999 load imb.: force 25.6%
           Step           Time
          15000       15.00000

   Energies (kJ/mol)
           Bond            U-B    Proper Dih.  Improper Dih.      CMAP Dih.
    7.47751e+02    1.06849e+03    3.89784e+02    7.57982e+01   -5.47091e+01
          LJ-14     Coulomb-14        LJ (SR)  Disper. corr.   Coulomb (SR)
    1.08964e+02    8.99009e+02    2.67030e+02   -1.94687e+00   -6.81513e+03
   Coul. recip.      Potential    Kinetic En.   Total Energy  Conserved En.
    9.20233e+02   -2.39472e+03    4.94653e+03    2.55180e+03    3.61214e+03
    Temperature Pres. DC (bar) Pressure (bar)
    5.76483e+02   -5.45180e-02   -2.55580e+01


DD  step 19999 load imb.: force 11.3%
           Step           Time
          20000       20.00000

   Energies (kJ/mol)
           Bond            U-B    Proper Dih.  Improper Dih.      CMAP Dih.
    7.93875e+02    1.16831e+03    3.81108e+02    9.42526e+01   -3.40673e+01
          LJ-14     Coulomb-14        LJ (SR)  Disper. corr.   Coulomb (SR)
    1.36248e+02    7.86243e+02    4.31000e+02   -8.62713e-01   -6.84898e+03
   Coul. recip.      Potential    Kinetic En.   Total Energy  Conserved En.
    9.12970e+02   -2.17990e+03    4.47092e+03    2.29102e+03    3.97625e+03
    Temperature Pres. DC (bar) Pressure (bar)
    5.21054e+02   -1.30149e-02   -3.37391e+00


DD  step 24999 load imb.: force 18.2%
           Step           Time
          25000       25.00000

   Energies (kJ/mol)
           Bond            U-B    Proper Dih.  Improper Dih.      CMAP Dih.
    6.44643e+02    1.08182e+03    4.38848e+02    4.49204e+01   -2.37428e-01
          LJ-14     Coulomb-14        LJ (SR)  Disper. corr.   Coulomb (SR)
    1.41936e+02    7.42478e+02    4.07435e+02   -3.82212e-01   -6.78602e+03
   Coul. recip.      Potential    Kinetic En.   Total Energy  Conserved En.
    7.92719e+02   -2.49184e+03    4.51485e+03    2.02301e+03    4.41374e+03
    Temperature Pres. DC (bar) Pressure (bar)
    5.26174e+02   -3.74062e-03    1.75118e+01


DD  step 29999 load imb.: force 21.0%
           Step           Time
          30000       30.00000

   Energies (kJ/mol)
           Bond            U-B    Proper Dih.  Improper Dih.      CMAP Dih.
    7.64746e+02    1.11692e+03    4.69312e+02    1.09879e+02   -2.35259e+01
          LJ-14     Coulomb-14        LJ (SR)  Disper. corr.   Coulomb (SR)
    1.50956e+02    6.79818e+02    3.17259e+02   -1.50889e-01   -6.58235e+03
   Coul. recip.      Potential    Kinetic En.   Total Energy  Conserved En.
    7.18105e+02   -2.27904e+03    4.07838e+03    1.79934e+03    4.91993e+03
    Temperature Pres. DC (bar) Pressure (bar)
    4.75306e+02   -1.27327e-03    1.04709e+01


DD  step 34999 load imb.: force 20.0%
           Step           Time
          35000       35.00000

   Energies (kJ/mol)
           Bond            U-B    Proper Dih.  Improper Dih.      CMAP Dih.
    8.86851e+02    1.10218e+03    4.49219e+02    6.10219e+01   -2.07519e+01
          LJ-14     Coulomb-14        LJ (SR)  Disper. corr.   Coulomb (SR)
    1.02882e+02    7.61685e+02    2.98261e+02   -3.00477e-02   -6.60365e+03
   Coul. recip.      Potential    Kinetic En.   Total Energy  Conserved En.
    6.32912e+02   -2.32942e+03    3.91837e+03    1.58895e+03    5.44342e+03
    Temperature Pres. DC (bar) Pressure (bar)
    4.56659e+02   -5.00574e-04    1.32588e+00


DD  step 39999 load imb.: force 21.4%
           Step           Time
          40000       40.00000

   Energies (kJ/mol)
           Bond            U-B    Proper Dih.  Improper Dih.      CMAP Dih.
    7.50156e+02    1.04243e+03    5.22973e+02    8.58962e+01   -6.69098e+01
          LJ-14     Coulomb-14        LJ (SR)  Disper. corr.   Coulomb (SR)
    1.42739e+02    7.06097e+02    4.64118e+02    3.77271e-02   -6.52155e+03
   Coul. recip.      Potential    Kinetic En.   Total Energy  Conserved En.
    5.13566e+02   -2.36044e+03    3.77877e+03    1.41833e+03    5.96479e+03
    Temperature Pres. DC (bar) Pressure (bar)
    4.40389e+02   -2.22274e-04    2.03952e+00


DD  step 44999 load imb.: force 29.4%
           Step           Time
          45000       45.00000

   Energies (kJ/mol)
           Bond            U-B    Proper Dih.  Improper Dih.      CMAP Dih.
    7.49948e+02    1.12248e+03    3.86221e+02    6.70494e+01   -5.06223e+01
          LJ-14     Coulomb-14        LJ (SR)  Disper. corr.   Coulomb (SR)
    1.17247e+02    8.35168e+02    4.55446e+02    7.81909e-02   -6.68252e+03
   Coul. recip.      Potential    Kinetic En.   Total Energy  Conserved En.
    4.45823e+02   -2.55368e+03    3.82926e+03    1.27558e+03    6.46439e+03
    Temperature Pres. DC (bar) Pressure (bar)
    4.46273e+02   -1.09248e-04    1.28645e+00


DD  step 49999 load imb.: force 27.8%
           Step           Time
          50000       50.00000

   Energies (kJ/mol)
           Bond            U-B    Proper Dih.  Improper Dih.      CMAP Dih.
    7.53641e+02    1.10862e+03    3.91466e+02    8.82302e+01   -1.97567e+01
          LJ-14     Coulomb-14        LJ (SR)  Disper. corr.   Coulomb (SR)
    1.56205e+02    7.12837e+02    3.70393e+02    1.03639e-01   -6.46063e+03
   Coul. recip.      Potential    Kinetic En.   Total Energy  Conserved En.
    3.90762e+02   -2.50813e+03    3.66648e+03    1.15836e+03    6.93768e+03
    Temperature Pres. DC (bar) Pressure (bar)
    4.27303e+02   -5.85130e-05   -2.61991e-02


DD  step 54999 load imb.: force 33.7%
           Step           Time
          55000       55.00000

   Energies (kJ/mol)
           Bond            U-B    Proper Dih.  Improper Dih.      CMAP Dih.
    7.52458e+02    1.03724e+03    4.19670e+02    4.47057e+01   -1.27251e+01
          LJ-14     Coulomb-14        LJ (SR)  Disper. corr.   Coulomb (SR)
    1.42090e+02    8.13361e+02    3.70520e+02    1.20378e-01   -6.67277e+03
   Coul. recip.      Potential    Kinetic En.   Total Energy  Conserved En.
    3.34896e+02   -2.77043e+03    3.83312e+03    1.06269e+03    7.35911e+03
    Temperature Pres. DC (bar) Pressure (bar)
    4.46723e+02   -3.37070e-05   -7.51164e-01


DD  step 59999 load imb.: force 30.7%
           Step           Time
          60000       60.00000

   Energies (kJ/mol)
           Bond            U-B    Proper Dih.  Improper Dih.      CMAP Dih.
    7.30198e+02    1.18004e+03    4.41149e+02    7.76228e+01   -8.62653e+01
          LJ-14     Coulomb-14        LJ (SR)  Disper. corr.   Coulomb (SR)
    1.35384e+02    6.82992e+02    2.97388e+02    1.31802e-01   -6.35926e+03
   Coul. recip.      Potential    Kinetic En.   Total Energy  Conserved En.
    2.94037e+02   -2.60658e+03    3.61234e+03    1.00576e+03    7.75690e+03
    Temperature Pres. DC (bar) Pressure (bar)
    4.20992e+02   -2.06802e-05   -5.75915e-01


DD  step 64999 load imb.: force 26.7%
           Step           Time
          65000       65.00000

   Energies (kJ/mol)
           Bond            U-B    Proper Dih.  Improper Dih.      CMAP Dih.
    6.82401e+02    1.19573e+03    4.56790e+02    1.05915e+02   -7.67130e+01
          LJ-14     Coulomb-14        LJ (SR)  Disper. corr.   Coulomb (SR)
    1.58034e+02    7.11873e+02    3.02752e+02    1.39858e-01   -6.35820e+03
   Coul. recip.      Potential    Kinetic En.   Total Energy  Conserved En.
    2.69125e+02   -2.55215e+03    3.49972e+03    9.47571e+02    8.10379e+03
    Temperature Pres. DC (bar) Pressure (bar)
    4.07868e+02   -1.33972e-05    3.11010e-01


DD  step 69999 load imb.: force 37.5%
           Step           Time
          70000       70.00000

   Energies (kJ/mol)
           Bond            U-B    Proper Dih.  Improper Dih.      CMAP Dih.
    6.65164e+02    1.07027e+03    4.68966e+02    7.37747e+01   -7.32755e+01
          LJ-14     Coulomb-14        LJ (SR)  Disper. corr.   Coulomb (SR)
    1.44546e+02    7.88193e+02    2.50640e+02    1.45693e-01   -6.28952e+03
   Coul. recip.      Potential    Kinetic En.   Total Energy  Conserved En.
    2.38674e+02   -2.66242e+03    3.56400e+03    9.01575e+02    8.40099e+03
    Temperature Pres. DC (bar) Pressure (bar)
    4.15359e+02   -9.10579e-06    3.33065e-01


DD  step 74999 load imb.: force 30.1%
           Step           Time
          75000       75.00000

   Energies (kJ/mol)
           Bond            U-B    Proper Dih.  Improper Dih.      CMAP Dih.
    9.12446e+02    1.01527e+03    4.46183e+02    8.66417e+01   -8.71656e+01
          LJ-14     Coulomb-14        LJ (SR)  Disper. corr.   Coulomb (SR)
    1.24819e+02    6.39134e+02    2.58610e+02    1.50017e-01   -6.30096e+03
   Coul. recip.      Potential    Kinetic En.   Total Energy  Conserved En.
    2.01429e+02   -2.70345e+03    3.57906e+03    8.75611e+02    8.66499e+03
    Temperature Pres. DC (bar) Pressure (bar)
    4.17114e+02   -6.45823e-06   -6.09444e-01


DD  step 79999 load imb.: force 35.9%
           Step           Time
          80000       80.00000

   Energies (kJ/mol)
           Bond            U-B    Proper Dih.  Improper Dih.      CMAP Dih.
    7.54685e+02    1.09545e+03    4.00570e+02    6.95899e+01   -7.29979e+01
          LJ-14     Coulomb-14        LJ (SR)  Disper. corr.   Coulomb (SR)
    1.33058e+02    8.65138e+02    2.55488e+02    1.53282e-01   -6.53311e+03
   Coul. recip.      Potential    Kinetic En.   Total Energy  Conserved En.
    2.06213e+02   -2.82577e+03    3.66248e+03    8.36715e+02    8.86359e+03
    Temperature Pres. DC (bar) Pressure (bar)
    4.26837e+02   -4.75976e-06   -2.70836e-01


DD  step 84999 load imb.: force 31.0%
           Step           Time
          85000       85.00000

   Energies (kJ/mol)
           Bond            U-B    Proper Dih.  Improper Dih.      CMAP Dih.
    5.99360e+02    9.42575e+02    4.13374e+02    6.02655e+01   -8.32816e+01
          LJ-14     Coulomb-14        LJ (SR)  Disper. corr.   Coulomb (SR)
    1.18681e+02    9.86103e+02    1.78348e+02    1.55786e-01   -6.29383e+03
   Coul. recip.      Potential    Kinetic En.   Total Energy  Conserved En.
    1.79294e+02   -2.89895e+03    3.70682e+03    8.07863e+02    9.02988e+03
    Temperature Pres. DC (bar) Pressure (bar)
    4.32004e+02   -3.63250e-06   -1.12639e-01


DD  step 89999 load imb.: force 27.3%
           Step           Time
          90000       90.00000

   Energies (kJ/mol)
           Bond            U-B    Proper Dih.  Improper Dih.      CMAP Dih.
    7.41728e+02    1.17657e+03    4.11473e+02    6.83964e+01   -7.47670e+01
          LJ-14     Coulomb-14        LJ (SR)  Disper. corr.   Coulomb (SR)
    1.25719e+02    7.79074e+02    3.92900e+02    1.57729e-01   -6.46175e+03
   Coul. recip.      Potential    Kinetic En.   Total Energy  Conserved En.
    1.72799e+02   -2.66770e+03    3.46785e+03    8.00146e+02    9.16830e+03
    Temperature Pres. DC (bar) Pressure (bar)
    4.04153e+02   -2.86252e-06    1.08929e-01


DD  step 94999 load imb.: force 32.2%
           Step           Time
          95000       95.00000

   Energies (kJ/mol)
           Bond            U-B    Proper Dih.  Improper Dih.      CMAP Dih.
    8.20627e+02    1.07650e+03    4.26905e+02    6.41546e+01   -7.93886e+01
          LJ-14     Coulomb-14        LJ (SR)  Disper. corr.   Coulomb (SR)
    1.17919e+02    8.33783e+02    3.34459e+02    1.59249e-01   -6.52176e+03
   Coul. recip.      Potential    Kinetic En.   Total Energy  Conserved En.
    1.86543e+02   -2.74010e+03    3.51892e+03    7.78822e+02    9.26228e+03
    Temperature Pres. DC (bar) Pressure (bar)
    4.10105e+02   -2.32416e-06   -5.21737e-02


DD  step 99999 load imb.: force 35.7%
           Step           Time
         100000      100.00000

Writing checkpoint, step 100000 at Wed Mar  2 10:02:31 2022


   Energies (kJ/mol)
           Bond            U-B    Proper Dih.  Improper Dih.      CMAP Dih.
    7.79403e+02    1.18783e+03    4.25460e+02    7.30516e+01   -7.45473e+01
          LJ-14     Coulomb-14        LJ (SR)  Disper. corr.   Coulomb (SR)
    1.50303e+02    8.04578e+02    2.99451e+02    1.60443e-01   -6.40599e+03
   Coul. recip.      Potential    Kinetic En.   Total Energy  Conserved En.
    1.74605e+02   -2.58569e+03    3.35617e+03    7.70477e+02    9.34028e+03
    Temperature Pres. DC (bar) Pressure (bar)
    3.91138e+02   -1.94032e-06   -1.31471e-01


	<======  ###############  ==>
	<====  A V E R A G E S  ====>
	<==  ###############  ======>

	Statistics over 100001 steps using 10001 frames

   Energies (kJ/mol)
           Bond            U-B    Proper Dih.  Improper Dih.      CMAP Dih.
    7.24991e+02    1.11048e+03    4.12347e+02    7.22131e+01   -4.98037e+01
          LJ-14     Coulomb-14        LJ (SR)  Disper. corr.   Coulomb (SR)
    1.41840e+02    8.13083e+02    3.42909e+02   -1.00888e+00   -6.57780e+03
   Coul. recip.      Potential    Kinetic En.   Total Energy  Conserved En.
    4.91300e+02   -2.51946e+03    4.02056e+03    1.50110e+03    6.55571e+03
    Temperature Pres. DC (bar) Pressure (bar)
    4.68568e+02   -9.93106e-02    6.20388e+00

          Box-X          Box-Y          Box-Z
    2.63204e+01    2.63204e+01    2.63204e+01

   Total Virial (kJ/mol)
    1.17634e+03   -6.07749e+00   -2.25964e+00
   -7.92083e+00    1.17095e+03   -2.46452e+00
   -1.40295e+00    1.14632e+00    1.15328e+03

   Pressure (bar)
    5.23175e+00    5.06579e-02   -1.96824e-01
    4.79637e-02    6.91455e+00    3.97156e-01
   -2.04790e-01    3.91062e-01    6.46533e+00


	M E G A - F L O P S   A C C O U N T I N G

 NB=Group-cutoff nonbonded kernels    NxN=N-by-N cluster Verlet kernels
 RF=Reaction-Field  VdW=Van der Waals  QSTab=quadratic-spline table
 W3=SPC/TIP3p  W4=TIP4p (single or pairs)
 V&F=Potential and force  V=Potential only  F=Force only

 Computing:                               M-Number         M-Flops  % Flops
-----------------------------------------------------------------------------
 Pair Search distance check             249.479572        2245.316     0.1
 NxN Ewald Elec. + LJ [F]              2399.635728      158375.958     7.0
 NxN Ewald Elec. + LJ [V&F]             266.648160       28531.353     1.3
 NxN Ewald Elec. [F]                    731.929968       44647.728     2.0
 NxN Ewald Elec. [V&F]                   81.330528        6831.764     0.3
 1,4 nonbonded interactions              45.400454        4086.041     0.2
 Calc Weights                           283.202832       10195.302     0.4
 Spread Q Bspline                      6041.660416       12083.321     0.5
 Gather F Bspline                      6041.660416       36249.962     1.6
 3D-FFT                              239705.997036     1917647.976    84.4
 Solve PME                              352.803528       22579.426     1.0
 Reset In Box                             9.440000          28.320     0.0
 CG-CoM                                   9.441888          28.326     0.0
 Bonds                                   17.900179        1056.111     0.0
 Propers                                 38.200382        8747.887     0.4
 Impropers                                2.600026         540.805     0.0
 Virial                                  13.941394         250.945     0.0
 Stop-CM                                  0.945888           9.459     0.0
 Calc-Ekin                               18.881888         509.811     0.0
 Constraint-V                            76.501530         612.012     0.0
 Constraint-Vir                           7.650765         183.618     0.0
 Settle                                  25.500765        8236.747     0.4
 CMAP                                     0.800008        1360.014     0.1
 Urey-Bradley                            32.300323        5910.959     0.3
-----------------------------------------------------------------------------
 Total                                                 2270949.162   100.0
-----------------------------------------------------------------------------


    D O M A I N   D E C O M P O S I T I O N   S T A T I S T I C S

 av. #atoms communicated per step for force:  2 x 577.5


Dynamic load balancing report:
 DLB was off during the run due to low measured imbalance.
 Average load imbalance: 23.7%.
 The balanceable part of the MD step is 7%, load imbalance is computed from this.
 Part of the total run time spent waiting due to load imbalance: 1.7%.


     R E A L   C Y C L E   A N D   T I M E   A C C O U N T I N G

On 10 MPI ranks, each using 6 OpenMP threads

 Computing:          Num   Num      Call    Wall time         Giga-Cycles
                     Ranks Threads  Count      (s)         total sum    %
-----------------------------------------------------------------------------
 Domain decomp.        10    6      10001       4.277        537.592   4.0
 DD comm. load         10    6        122       0.006          0.764   0.0
 DD comm. bounds       10    6         20       0.000          0.042   0.0
 Neighbor search       10    6      10001       1.999        251.324   1.9
 Comm. coord.          10    6      90000       3.456        434.419   3.3
 Force                 10    6     100001       3.836        482.141   3.6
 Wait + Comm. F        10    6     100001       3.991        501.639   3.8
 PME mesh              10    6     100001      76.819       9656.474  72.6
 NB X/F buffer ops.    10    6     280001       4.764        598.857   4.5
 Write traj.           10    6         21       0.096         12.010   0.1
 Update                10    6     100001       2.420        304.219   2.3
 Constraints           10    6     100003       1.328        166.934   1.3
 Comm. energies        10    6      10001       1.873        235.453   1.8
 Rest                                           0.965        121.280   0.9
-----------------------------------------------------------------------------
 Total                                        105.828      13303.147 100.0
-----------------------------------------------------------------------------
 Breakdown of PME mesh computation
-----------------------------------------------------------------------------
 PME redist. X/F       10    6     200002      19.511       2452.636  18.4
 PME spread            10    6     100001      14.763       1855.742  13.9
 PME gather            10    6     100001      10.821       1360.195  10.2
 PME 3D-FFT            10    6     200002      13.509       1698.198  12.8
 PME 3D-FFT Comm.      10    6     400004      16.456       2068.654  15.6
 PME solve Elec        10    6     100001       1.081        135.901   1.0
-----------------------------------------------------------------------------

               Core t (s)   Wall t (s)        (%)
       Time:     6349.693      105.828     6000.0
                 (ns/day)    (hour/ns)
Performance:       81.642        0.294
Finished mdrun on rank 0 Wed Mar  2 10:02:32 2022

